<?xml version="1.0" encoding="UTF-8"?>
<coverage generated="1750788240877" clover="3.2.0">
  <project timestamp="1750788240877" name="All files">
    <metrics statements="25" coveredstatements="25" conditionals="13" coveredconditionals="12" methods="5" coveredmethods="5" elements="43" coveredelements="42" complexity="0" loc="25" ncloc="25" packages="1" files="1" classes="1"/>
    <file name="client.ts" path="C:\Projects\next_level_clothing\packages\trpc-client\src\client.ts">
      <metrics statements="25" coveredstatements="25" conditionals="13" coveredconditionals="12" methods="5" coveredmethods="5"/>
      <line num="1" count="1" type="stmt"/>
      <line num="2" count="1" type="stmt"/>
      <line num="10" count="1" type="cond" truecount="1" falsecount="0"/>
      <line num="11" count="6" type="stmt"/>
      <line num="18" count="3" type="stmt"/>
      <line num="20" count="3" type="cond" truecount="1" falsecount="0"/>
      <line num="21" count="2" type="stmt"/>
      <line num="22" count="2" type="cond" truecount="1" falsecount="0"/>
      <line num="23" count="1" type="stmt"/>
      <line num="27" count="3" type="stmt"/>
      <line num="37" count="1" type="stmt"/>
      <line num="48" count="1" type="stmt"/>
      <line num="49" count="2" type="cond" truecount="1" falsecount="0"/>
      <line num="51" count="1" type="stmt"/>
      <line num="52" count="1" type="stmt"/>
      <line num="60" count="1" type="stmt"/>
      <line num="61" count="2" type="cond" truecount="1" falsecount="0"/>
      <line num="63" count="1" type="stmt"/>
      <line num="64" count="1" type="stmt"/>
      <line num="71" count="1" type="stmt"/>
      <line num="72" count="4" type="cond" truecount="1" falsecount="0"/>
      <line num="74" count="3" type="stmt"/>
      <line num="75" count="3" type="stmt"/>
      <line num="77" count="3" type="cond" truecount="3" falsecount="0"/>
      <line num="79" count="2" type="stmt"/>
    </file>
  </project>
</coverage>
