{"C:\\Projects\\next_level_clothing\\packages\\trpc-client\\src\\client.ts": {"path":"C:\\Projects\\next_level_clothing\\packages\\trpc-client\\src\\client.ts","statementMap":{"0":{"start":{"line":10,"column":0},"end":{"line":10,"column":16}},"1":{"start":{"line":48,"column":0},"end":{"line":48,"column":16}},"2":{"start":{"line":60,"column":0},"end":{"line":60,"column":16}},"3":{"start":{"line":71,"column":0},"end":{"line":71,"column":16}},"4":{"start":{"line":1,"column":0},"end":{"line":1,"column":68}},"5":{"start":{"line":2,"column":0},"end":{"line":2,"column":34}},"6":{"start":{"line":11,"column":2},"end":{"line":31,"column":5}},"7":{"start":{"line":18,"column":50},"end":{"line":18,"column":52}},"8":{"start":{"line":20,"column":10},"end":{"line":25,"column":11}},"9":{"start":{"line":21,"column":26},"end":{"line":21,"column":60}},"10":{"start":{"line":22,"column":12},"end":{"line":24,"column":13}},"11":{"start":{"line":23,"column":14},"end":{"line":23,"column":56}},"12":{"start":{"line":27,"column":10},"end":{"line":27,"column":25}},"13":{"start":{"line":37,"column":13},"end":{"line":41,"column":2}},"14":{"start":{"line":49,"column":2},"end":{"line":49,"column":44}},"15":{"start":{"line":49,"column":37},"end":{"line":49,"column":44}},"16":{"start":{"line":51,"column":2},"end":{"line":51,"column":44}},"17":{"start":{"line":52,"column":2},"end":{"line":54,"column":4}},"18":{"start":{"line":61,"column":2},"end":{"line":61,"column":44}},"19":{"start":{"line":61,"column":37},"end":{"line":61,"column":44}},"20":{"start":{"line":63,"column":2},"end":{"line":63,"column":40}},"21":{"start":{"line":64,"column":2},"end":{"line":64,"column":48}},"22":{"start":{"line":72,"column":2},"end":{"line":72,"column":50}},"23":{"start":{"line":72,"column":37},"end":{"line":72,"column":50}},"24":{"start":{"line":74,"column":16},"end":{"line":74,"column":50}},"25":{"start":{"line":75,"column":20},"end":{"line":75,"column":62}},"26":{"start":{"line":77,"column":2},"end":{"line":77,"column":41}},"27":{"start":{"line":77,"column":28},"end":{"line":77,"column":41}},"28":{"start":{"line":79,"column":2},"end":{"line":79,"column":46}}},"fnMap":{"0":{"name":"createTrpcClient","decl":{"start":{"line":10,"column":16},"end":{"line":10,"column":32}},"loc":{"start":{"line":10,"column":79},"end":{"line":32,"column":1}}},"1":{"name":"(anonymous_2)","decl":{"start":{"line":17,"column":8},"end":{"line":17,"column":15}},"loc":{"start":{"line":17,"column":15},"end":{"line":28,"column":9}}},"2":{"name":"setAuthToken","decl":{"start":{"line":48,"column":16},"end":{"line":48,"column":28}},"loc":{"start":{"line":48,"column":61},"end":{"line":55,"column":1}}},"3":{"name":"clearAuthToken","decl":{"start":{"line":60,"column":16},"end":{"line":60,"column":30}},"loc":{"start":{"line":60,"column":30},"end":{"line":65,"column":1}}},"4":{"name":"hasValidAuthToken","decl":{"start":{"line":71,"column":16},"end":{"line":71,"column":33}},"loc":{"start":{"line":71,"column":33},"end":{"line":80,"column":1}}}},"branchMap":{"0":{"loc":{"start":{"line":10,"column":33},"end":{"line":10,"column":79}},"type":"default-arg","locations":[{"start":{"line":10,"column":51},"end":{"line":10,"column":79}}]},"1":{"loc":{"start":{"line":20,"column":10},"end":{"line":25,"column":11}},"type":"if","locations":[{"start":{"line":20,"column":10},"end":{"line":25,"column":11}}]},"2":{"loc":{"start":{"line":22,"column":12},"end":{"line":24,"column":13}},"type":"if","locations":[{"start":{"line":22,"column":12},"end":{"line":24,"column":13}}]},"3":{"loc":{"start":{"line":38,"column":2},"end":{"line":40,"column":15}},"type":"cond-expr","locations":[{"start":{"line":39,"column":6},"end":{"line":39,"column":37}},{"start":{"line":40,"column":6},"end":{"line":40,"column":15}}]},"4":{"loc":{"start":{"line":38,"column":2},"end":{"line":38,"column":67}},"type":"binary-expr","locations":[{"start":{"line":38,"column":2},"end":{"line":38,"column":32}},{"start":{"line":38,"column":36},"end":{"line":38,"column":67}}]},"5":{"loc":{"start":{"line":49,"column":2},"end":{"line":49,"column":44}},"type":"if","locations":[{"start":{"line":49,"column":2},"end":{"line":49,"column":44}}]},"6":{"loc":{"start":{"line":61,"column":2},"end":{"line":61,"column":44}},"type":"if","locations":[{"start":{"line":61,"column":2},"end":{"line":61,"column":44}}]},"7":{"loc":{"start":{"line":72,"column":2},"end":{"line":72,"column":50}},"type":"if","locations":[{"start":{"line":72,"column":2},"end":{"line":72,"column":50}}]},"8":{"loc":{"start":{"line":77,"column":2},"end":{"line":77,"column":41}},"type":"if","locations":[{"start":{"line":77,"column":2},"end":{"line":77,"column":41}}]},"9":{"loc":{"start":{"line":77,"column":6},"end":{"line":77,"column":26}},"type":"binary-expr","locations":[{"start":{"line":77,"column":6},"end":{"line":77,"column":12}},{"start":{"line":77,"column":16},"end":{"line":77,"column":26}}]}},"s":{"0":1,"1":1,"2":1,"3":1,"4":1,"5":1,"6":6,"7":3,"8":3,"9":2,"10":2,"11":1,"12":3,"13":1,"14":2,"15":1,"16":1,"17":1,"18":2,"19":1,"20":1,"21":1,"22":4,"23":1,"24":3,"25":3,"26":3,"27":1,"28":2},"f":{"0":6,"1":3,"2":2,"3":2,"4":4},"b":{"0":[2],"1":[2],"2":[1],"3":[0,1],"4":[1,1],"5":[1],"6":[1],"7":[1],"8":[1],"9":[3,2]}}
}
