TN:
SF:src\client.ts
FN:10,createTrpcClient
FN:17,(anonymous_2)
FN:48,setAuthToken
FN:60,clearAuthToken
FN:71,hasValidAuthToken
FNF:5
FNH:5
FNDA:6,createTrpcClient
FNDA:3,(anonymous_2)
FNDA:2,setAuthToken
FNDA:2,clearAuthToken
FNDA:4,hasValidAuthToken
DA:1,1
DA:2,1
DA:10,1
DA:11,6
DA:18,3
DA:20,3
DA:21,2
DA:22,2
DA:23,1
DA:27,3
DA:37,1
DA:48,1
DA:49,2
DA:51,1
DA:52,1
DA:60,1
DA:61,2
DA:63,1
DA:64,1
DA:71,1
DA:72,4
DA:74,3
DA:75,3
DA:77,3
DA:79,2
LF:25
LH:25
BRDA:10,0,0,2
BRDA:20,1,0,2
BRDA:22,2,0,1
BRDA:38,3,0,0
BRDA:38,3,1,1
BRDA:38,4,0,1
BRDA:38,4,1,1
BRDA:49,5,0,1
BRDA:61,6,0,1
BRDA:72,7,0,1
BRDA:77,8,0,1
BRDA:77,9,0,3
BRDA:77,9,1,2
BRF:13
BRH:12
end_of_record
